<?xml version="1.0" encoding="UTF-8"?>
<!-- Generated by org.testng.reporters.JUnitXMLReporter -->
<testsuite ignored="0" hostname="LukeLT" failures="2" tests="3" name="Main Page Test" time="49.315" errors="0" timestamp="2025-02-11T14:42:55 NZDT">
  <testcase classname="RvNLearn.tests.MainPageTest" name="customerPurchase" time="1.523">
    <failure type="java.lang.NullPointerException" message="Cannot invoke &amp;quot;org.openqa.selenium.WebElement.findElement(org.openqa.selenium.By)&amp;quot; because the return value of &amp;quot;RvNLearn.pageObjects.ShopFront.getItemOfChoice(String)&amp;quot; is null">
      <![CDATA[java.lang.NullPointerException: Cannot invoke "org.openqa.selenium.WebElement.findElement(org.openqa.selenium.By)" because the return value of "RvNLearn.pageObjects.ShopFront.getItemOfChoice(String)" is null
at RvNLearn.pageObjects.ShopFront.addItemToCart(ShopFront.java:51)
at RvNLearn.tests.MainPageTest.customerPurchase(MainPageTest.java:47)
at java.base/java.util.ArrayList.forEach(ArrayList.java:1597)
at java.base/java.util.concurrent.FutureTask.run(FutureTask.java:317)
at java.base/java.util.concurrent.ThreadPoolExecutor.runWorker(ThreadPoolExecutor.java:1144)
at java.base/java.util.concurrent.ThreadPoolExecutor$Worker.run(ThreadPoolExecutor.java:642)
at java.base/java.lang.Thread.run(Thread.java:1575)
... Removed 15 stack frames]]>
    </failure>
  </testcase> <!-- customerPurchase -->
  <testcase classname="RvNLearn.tests.MainPageTest" name="customerPurchase" time="1.64">
    <failure type="java.lang.NullPointerException" message="Cannot invoke &amp;quot;org.openqa.selenium.WebElement.findElement(org.openqa.selenium.By)&amp;quot; because the return value of &amp;quot;RvNLearn.pageObjects.ShopFront.getItemOfChoice(String)&amp;quot; is null">
      <![CDATA[java.lang.NullPointerException: Cannot invoke "org.openqa.selenium.WebElement.findElement(org.openqa.selenium.By)" because the return value of "RvNLearn.pageObjects.ShopFront.getItemOfChoice(String)" is null
at RvNLearn.pageObjects.ShopFront.addItemToCart(ShopFront.java:51)
at RvNLearn.tests.MainPageTest.customerPurchase(MainPageTest.java:47)
at java.base/java.util.ArrayList.forEach(ArrayList.java:1597)
at java.base/java.util.concurrent.FutureTask.run(FutureTask.java:317)
at java.base/java.util.concurrent.ThreadPoolExecutor.runWorker(ThreadPoolExecutor.java:1144)
at java.base/java.util.concurrent.ThreadPoolExecutor$Worker.run(ThreadPoolExecutor.java:642)
at java.base/java.lang.Thread.run(Thread.java:1575)
... Removed 15 stack frames]]>
    </failure>
  </testcase> <!-- customerPurchase -->
  <testcase classname="RvNLearn.tests.MainPageTest" name="orderHistoryTest" time="0.0">
    <skipped/>
  </testcase> <!-- orderHistoryTest -->
</testsuite> <!-- Main Page Test -->
